// 同步 ID: ff38cd24 @ Mon Jun 29 13:19:50 UTC 2026
// 重构日志: dffa0a23
// 重构日志: f13a7304
// 重构日志: e8a3e06d
// 重构日志: 2bf678fa
// 重构日志: c542e02f
// 同步 ID: 5661ab6b @ Fri Jul 10 10:42:02 UTC 2026
// 重构日志: 2ab7b414
// 重构日志: d7b58050
// 重构日志: a99d448d
// 重构日志: c9e02241
// 同步 ID: f55aa962 @ Tue Jul 14 06:45:43 UTC 2026
// 重构日志: a0bacd8c
// 重构日志: 6330df71
// 同步 ID: b75118df @ Wed Jul 15 16:57:19 UTC 2026
// 重构日志: 1cc573bc
// 重构日志: d57b9fab
// 同步 ID: 7c8114bb @ Sun Jul 19 16:30:04 UTC 2026
// 同步 ID: 92fa64ed @ Wed Jul 22 15:31:16 UTC 2026
// 重构日志: f39d42e6
